0 info it worked if it ends with ok
1 verbose cli [ '/Users/kibayashishouko/.node/.nvm/v0.10.26/bin/node',
1 verbose cli   '/Users/kibayashishouko/.node/.nvm/v0.10.26/bin/npm',
1 verbose cli   'install',
1 verbose cli   'grunt-browser-sync',
1 verbose cli   '--save-dev' ]
2 info using npm@1.4.3
3 info using node@v0.10.26
4 error Error: Invalid version: "1"
4 error     at Object.module.exports.fixVersionField (/Users/kibayashishouko/.node/.nvm/v0.10.26/lib/node_modules/npm/node_modules/read-package-json/node_modules/normalize-package-data/lib/fixer.js:185:13)
4 error     at /Users/kibayashishouko/.node/.nvm/v0.10.26/lib/node_modules/npm/node_modules/read-package-json/node_modules/normalize-package-data/lib/normalize.js:29:38
4 error     at Array.forEach (native)
4 error     at normalize (/Users/kibayashishouko/.node/.nvm/v0.10.26/lib/node_modules/npm/node_modules/read-package-json/node_modules/normalize-package-data/lib/normalize.js:28:15)
4 error     at final (/Users/kibayashishouko/.node/.nvm/v0.10.26/lib/node_modules/npm/node_modules/read-package-json/read-json.js:328:33)
4 error     at then (/Users/kibayashishouko/.node/.nvm/v0.10.26/lib/node_modules/npm/node_modules/read-package-json/read-json.js:126:33)
4 error     at /Users/kibayashishouko/.node/.nvm/v0.10.26/lib/node_modules/npm/node_modules/read-package-json/read-json.js:302:48
4 error     at fs.js:207:20
4 error     at OpenReq.Req.done (/Users/kibayashishouko/.node/.nvm/v0.10.26/lib/node_modules/npm/node_modules/graceful-fs/graceful-fs.js:144:5)
4 error     at OpenReq.done (/Users/kibayashishouko/.node/.nvm/v0.10.26/lib/node_modules/npm/node_modules/graceful-fs/graceful-fs.js:64:22)
5 error If you need help, you may report this *entire* log,
5 error including the npm and node versions, at:
5 error     <http://github.com/npm/npm/issues>
6 error System Darwin 13.4.0
7 error command "/Users/kibayashishouko/.node/.nvm/v0.10.26/bin/node" "/Users/kibayashishouko/.node/.nvm/v0.10.26/bin/npm" "install" "grunt-browser-sync" "--save-dev"
8 error cwd /Library/work/banpaku/main/html/sys/wp-content/themes/pc/src
9 error node -v v0.10.26
10 error npm -v 1.4.3
11 verbose exit [ 1, true ]
